1665819759841	geckodriver	INFO	Listening on 127.0.0.1:44591
1665819759853	mozrunner::runner	INFO	Running command: "/usr/bin/firefox" "--marionette" "--remote-debugging-port" "33019" "--remote-allow-hosts" "localhost" "-no-remote" "-profile" "/tmp/rust_mozprofileB3lbT4"
[GFX1-]: glxtest: VA-API test failed: missing or old libva-drm library.
1665819760381	Marionette	INFO	Marionette enabled
1665819760384	Marionette	INFO	Listening on port 39453
Read port: 39453
WebDriver BiDi listening on ws://127.0.0.1:33019
1665819760504	RemoteAgent	WARN	TLS certificate errors will be ignored for this session
Unsupported modifier, resource creation failed.
XXX: resource creation failed
Unsupported modifier, resource creation failed.
XXX: resource creation failed
console.warn: SearchSettings: "get: No settings file exists, new profile?" (new NotFoundError("Could not open the file at /tmp/rust_mozprofileB3lbT4/search.json.mozlz4", (void 0)))
Unsupported modifier, resource creation failed.
XXX: resource creation failed
DevTools listening on ws://127.0.0.1:33019/devtools/browser/4dc93c4c-961d-48a4-a7d9-94ad850458f5
console.warn: LoginRecipes: "Falling back to a synchronous message for: https://gne2.gndec.ac.in."
console.warn: LoginRecipes: "Falling back to a synchronous message for: https://gne2.gndec.ac.in."
JavaScript error: , line 0: uncaught exception: undefined
JavaScript error: , line 0: uncaught exception: undefined
1665819779776	Marionette	INFO	Stopped listening on port 39453
1665820044205	geckodriver	INFO	Listening on 127.0.0.1:43297
1665820044209	mozrunner::runner	INFO	Running command: "/usr/bin/firefox" "--marionette" "--remote-debugging-port" "51719" "--remote-allow-hosts" "localhost" "-no-remote" "-profile" "/tmp/rust_mozprofilecYxMHX"
[GFX1-]: glxtest: VA-API test failed: missing or old libva-drm library.
1665820044711	Marionette	INFO	Marionette enabled
1665820044715	Marionette	INFO	Listening on port 43561
Read port: 43561
WebDriver BiDi listening on ws://127.0.0.1:51719
1665820044855	RemoteAgent	WARN	TLS certificate errors will be ignored for this session
Unsupported modifier, resource creation failed.
XXX: resource creation failed
Unsupported modifier, resource creation failed.
XXX: resource creation failed
Unsupported modifier, resource creation failed.
XXX: resource creation failed
console.warn: SearchSettings: "get: No settings file exists, new profile?" (new NotFoundError("Could not open the file at /tmp/rust_mozprofilecYxMHX/search.json.mozlz4", (void 0)))
DevTools listening on ws://127.0.0.1:51719/devtools/browser/8c2829d8-5b42-4637-b74c-b2c610b9a343
console.warn: LoginRecipes: "Falling back to a synchronous message for: https://gne2.gndec.ac.in."
console.warn: LoginRecipes: "Falling back to a synchronous message for: https://gne2.gndec.ac.in."
JavaScript error: , line 0: uncaught exception: undefined
1665820064649	Marionette	INFO	Stopped listening on port 43561
